<?xml version="1.0" encoding="UTF-8" ?>
<testsuite tests="2" failures="1" name="com.coastcapital.jmac.MDXHMACUtilitiesTest" time="0.078" errors="0" skipped="0">
  <properties>
[...]
</properties>
  <testcase classname="com.coastcapital.jmac.MDXHMACUtilitiesTest" name="testMD5" time="0.024"/>
  <testcase classname="com.coastcapital.jmac.MDXHMACUtilitiesTest" name="testHMACSignature" time="0.054">
    <failure message="HMAC Signature Not Equal expected:&lt;[e47928dcd29e494116961ad12884c8fd7aae07f2]&gt; but was:&lt;[f0a7f2fc51eff3485f86ed6670cc5963cc59a843]&gt;" type="org.junit.ComparisonFailure">org.junit.ComparisonFailure: HMAC Signature Not Equal expected:&lt;[e47928dcd29e494116961ad12884c8fd7aae07f2]&gt; but was:&lt;[f0a7f2fc51eff3485f86ed6670cc5963cc59a843]&gt;
	at org.junit.Assert.assertEquals(Assert.java:115)
	at com.coastcapital.jmac.MDXHMACUtilitiesTest.testHMACSignature(MDXHMACUtilitiesTest.java:43)
	at sun.reflect.NativeMethodAccessorImpl.invoke0(Native Method)
	at sun.reflect.NativeMethodAccessorImpl.invoke(NativeMethodAccessorImpl.java:62)
	at sun.reflect.DelegatingMethodAccessorImpl.invoke(DelegatingMethodAccessorImpl.java:43)
	at java.lang.reflect.Method.invoke(Method.java:498)
	at org.junit.runners.model.FrameworkMethod$1.runReflectiveCall(FrameworkMethod.java:50)
	at org.junit.internal.runners.model.ReflectiveCallable.run(ReflectiveCallable.java:12)
	at org.junit.runners.model.FrameworkMethod.invokeExplosively(FrameworkMethod.java:47)
	at org.junit.internal.runners.statements.InvokeMethod.evaluate(InvokeMethod.java:17)
	at org.junit.runners.ParentRunner.runLeaf(ParentRunner.java:325)
	at org.junit.runners.BlockJUnit4ClassRunner.runChild(BlockJUnit4ClassRunner.java:78)
	at org.junit.runners.BlockJUnit4ClassRunner.runChild(BlockJUnit4ClassRunner.java:57)
	at org.junit.runners.ParentRunner$3.run(ParentRunner.java:290)
	at org.junit.runners.ParentRunner$1.schedule(ParentRunner.java:71)
	at org.junit.runners.ParentRunner.runChildren(ParentRunner.java:288)
	at org.junit.runners.ParentRunner.access$000(ParentRunner.java:58)
	at org.junit.runners.ParentRunner$2.evaluate(ParentRunner.java:268)
	at org.junit.runners.ParentRunner.run(ParentRunner.java:363)
	at org.apache.maven.surefire.junit4.JUnit4Provider.execute(JUnit4Provider.java:252)
	at org.apache.maven.surefire.junit4.JUnit4Provider.executeTestSet(JUnit4Provider.java:141)
	at org.apache.maven.surefire.junit4.JUnit4Provider.invoke(JUnit4Provider.java:112)
	at sun.reflect.NativeMethodAccessorImpl.invoke0(Native Method)
	at sun.reflect.NativeMethodAccessorImpl.invoke(NativeMethodAccessorImpl.java:62)
	at sun.reflect.DelegatingMethodAccessorImpl.invoke(DelegatingMethodAccessorImpl.java:43)
	at java.lang.reflect.Method.invoke(Method.java:498)
	at org.apache.maven.surefire.util.ReflectionUtils.invokeMethodWithArray(ReflectionUtils.java:189)
	at org.apache.maven.surefire.booter.ProviderFactory$ProviderProxy.invoke(ProviderFactory.java:165)
	at org.apache.maven.surefire.booter.ProviderFactory.invokeProvider(ProviderFactory.java:85)
	at org.apache.maven.surefire.booter.ForkedBooter.runSuitesInProcess(ForkedBooter.java:115)
	at org.apache.maven.surefire.booter.ForkedBooter.main(ForkedBooter.java:75)
</failure>
    <system-out>POST
e9a179f879165fd64bdeaa57032d342f
application/vnd.moneydesktop.mdx.v5+xml
1382975431
application/vnd.moneydesktop.mdx.v5+xml

/sessions
QUJDREVGR0hJSktMTU5PUFFSU1RVVldYWVo3ODkwMTI=
</system-out>
  </testcase>
</testsuite>